[debug] [2017-09-01T18:35:10.981Z] ----------------------------------------------------------------------
[debug] [2017-09-01T18:35:10.983Z] Command:       /Users/richard/.nvm/versions/node/v8.4.0/bin/node /Users/richard/.nvm/versions/node/v8.4.0/bin/firebase serve --only functions
[debug] [2017-09-01T18:35:10.983Z] CLI Version:   3.9.2
[debug] [2017-09-01T18:35:10.983Z] Platform:      darwin
[debug] [2017-09-01T18:35:10.983Z] Node Version:  v8.4.0
[debug] [2017-09-01T18:35:10.983Z] Time:          Fri Sep 01 2017 13:35:10 GMT-0500 (CDT)
[debug] [2017-09-01T18:35:10.983Z] ----------------------------------------------------------------------
[debug] 
[debug] [2017-09-01T18:35:11.316Z] > command requires scopes: ["email","openid","https://www.googleapis.com/auth/cloudplatformprojects.readonly","https://www.googleapis.com/auth/firebase","https://www.googleapis.com/auth/cloud-platform"]
[debug] [2017-09-01T18:35:11.316Z] > authorizing via signed-in user
[debug] [2017-09-01T18:35:11.318Z] >>> HTTP REQUEST GET https://admin.firebase.com/v1/projects/cotfc-caffeine-dev  
 Fri Sep 01 2017 13:35:11 GMT-0500 (CDT)
[debug] [2017-09-01T18:35:11.659Z] <<< HTTP RESPONSE 200
[debug] [2017-09-01T18:35:11.660Z] >>> HTTP REQUEST GET https://admin.firebase.com/v1/database/cotfc-caffeine-dev/tokens  
 Fri Sep 01 2017 13:35:11 GMT-0500 (CDT)
[debug] [2017-09-01T18:35:12.186Z] <<< HTTP RESPONSE 200
[info] 
[info] === Serving from '/Users/richard/code/cotfc-caffeine/cotfc-caffeine'...
[info] 
[info] i  functions: Preparing to emulate HTTPS functions. Support for other event types coming soon.
[debug] [2017-09-01T18:35:12.616Z] >>> HTTP REQUEST GET https://appengine.googleapis.com/v1/apps/cotfc-caffeine-dev  
 Fri Sep 01 2017 13:35:12 GMT-0500 (CDT)
[debug] [2017-09-01T18:35:12.617Z] >>> HTTP REQUEST GET https://apikeys.googleapis.com/v1/projects/cotfc-caffeine-dev/apiKeys  
 Fri Sep 01 2017 13:35:12 GMT-0500 (CDT)
[debug] [2017-09-01T18:35:12.844Z] <<< HTTP RESPONSE 200
[debug] [2017-09-01T18:35:12.939Z] <<< HTTP RESPONSE 200
[info] ✔  functions: api: http://localhost:5000/cotfc-caffeine-dev/us-central1/api
